Fri Dec 12 2014 16:09:22 GMT+0800 (中国标准时间): Create a new worker 2868.
Fri Dec 12 2014 16:09:22 GMT+0800 (中国标准时间): Listening on http://localhost:3000
Fri Dec 12 2014 16:32:18 GMT+0800 (中国标准时间): Create a new worker 2496.
Fri Dec 12 2014 16:32:18 GMT+0800 (中国标准时间): Listening on http://localhost:3000
Mon Dec 15 2014 09:36:25 GMT+0800 (中国标准时间): Create a new worker 6880.
Mon Dec 15 2014 09:36:26 GMT+0800 (中国标准时间): Listening on http://localhost:3000
Mon Dec 15 2014 10:03:04 GMT+0800 (中国标准时间): Create a new worker 7968.
Mon Dec 15 2014 10:03:04 GMT+0800 (中国标准时间): Listening on http://localhost:3000
Mon Dec 15 2014 10:19:09 GMT+0800 (中国标准时间): Create a new worker 7396.
Mon Dec 15 2014 10:19:09 GMT+0800 (中国标准时间): Listening on http://localhost:3000
Mon Dec 15 2014 14:25:29 GMT+0800 (中国标准时间): Create a new worker 5472.
Mon Dec 15 2014 14:25:30 GMT+0800 (中国标准时间): Listening on http://localhost:3000
Tue Dec 16 2014 13:39:51 GMT+0800 (中国标准时间): Create a new worker 808.
Tue Dec 16 2014 13:39:52 GMT+0800 (中国标准时间): Listening on http://localhost:3000
Tue Dec 16 2014 14:57:22 GMT+0800 (中国标准时间): Create a new worker 448.
Tue Dec 16 2014 14:57:22 GMT+0800 (中国标准时间): Listening on http://localhost:3000
Tue Dec 16 2014 15:56:14 GMT+0800 (中国标准时间): Create a new worker 116.
Tue Dec 16 2014 15:56:14 GMT+0800 (中国标准时间): Listening on http://localhost:3000
Tue Dec 16 2014 16:03:43 GMT+0800 (中国标准时间): Create a new worker 7812.
Tue Dec 16 2014 16:03:43 GMT+0800 (中国标准时间): Listening on http://localhost:3000
Tue Dec 16 2014 16:21:43 GMT+0800 (中国标准时间): Create a new worker 5924.
Tue Dec 16 2014 16:21:43 GMT+0800 (中国标准时间): Listening on http://localhost:3000
Tue Dec 16 2014 16:23:28 GMT+0800 (中国标准时间): Create a new worker 9668.
Tue Dec 16 2014 16:23:28 GMT+0800 (中国标准时间): Listening on http://localhost:3000
Tue Dec 16 2014 16:25:23 GMT+0800 (中国标准时间): Create a new worker 256.
Tue Dec 16 2014 16:25:23 GMT+0800 (中国标准时间): Listening on http://localhost:3000
Tue Dec 16 2014 16:26:15 GMT+0800 (中国标准时间): Create a new worker 4920.
Tue Dec 16 2014 16:26:15 GMT+0800 (中国标准时间): Listening on http://localhost:3000
Tue Dec 16 2014 16:31:11 GMT+0800 (中国标准时间): Create a new worker 8152.
Tue Dec 16 2014 16:31:12 GMT+0800 (中国标准时间): Listening on http://localhost:3000
Tue Dec 16 2014 16:57:44 GMT+0800 (中国标准时间): Create a new worker 8612.
Tue Dec 16 2014 16:57:44 GMT+0800 (中国标准时间): Listening on http://localhost:3000
Tue Dec 16 2014 17:46:13 GMT+0800 (中国标准时间): Create a new worker 2560.
Tue Dec 16 2014 17:46:14 GMT+0800 (中国标准时间): Listening on http://localhost:3000
